This is just information
This should be debugged
This is a warning
This is an error
This is really critical
This is just information
This should be debugged
This is a warning
This is an error
This is really critical
This is just information
This should be debugged
This is a warning
This is an error
This is really critical
2021-04-09 10:58:15,222This is just information
2021-04-09 10:58:15,222This should be debugged
2021-04-09 10:58:15,222This is a warning
2021-04-09 10:58:15,222This is an error
2021-04-09 10:58:15,222This is really critical
